2020-03-21 10:43:37 INFO     Env running in port 2003
2020-03-21 10:43:37 INFO     connecting to Carla server...
2020-03-21 10:45:01 INFO     Env running in port 2003
2020-03-21 10:45:01 INFO     connecting to Carla server...
2020-03-21 10:48:05 INFO     Env running in port 2003
2020-03-21 10:48:05 INFO     connecting to Carla server...
2020-03-21 10:48:07 INFO     Carla server connected!
2020-03-21 10:48:11 INFO     Ego car spawn Success!
2020-03-21 10:49:26 INFO     Env running in port 2003
2020-03-21 10:49:26 INFO     connecting to Carla server...
2020-03-21 10:49:26 INFO     Carla server connected!
2020-03-21 10:54:33 INFO     Env running in port 2003
2020-03-21 10:54:33 INFO     connecting to Carla server...
2020-03-21 10:59:31 INFO     Env running in port 2003
2020-03-21 10:59:31 INFO     connecting to Carla server...
2020-03-21 11:03:32 INFO     Env running in port 2003
2020-03-21 11:03:32 INFO     connecting to Carla server...
2020-03-21 11:09:45 INFO     Env running in port 2003
2020-03-21 11:09:45 INFO     connecting to Carla server...
2020-03-21 11:09:48 INFO     Carla server connected!
2020-03-21 11:09:52 INFO     Ego car spawn Success!
2020-03-21 11:15:19 INFO     Env running in port 2003
2020-03-21 11:15:19 INFO     connecting to Carla server...
2020-03-21 11:15:20 INFO     Carla server connected!
2020-03-21 11:17:52 INFO     Env running in port 2003
2020-03-21 11:17:52 INFO     connecting to Carla server...
2020-03-21 11:22:17 INFO     Env running in port 2003
2020-03-21 11:22:17 INFO     connecting to Carla server...
2020-03-21 11:22:19 INFO     Carla server connected!
2020-03-21 11:27:21 INFO     Env running in port 2003
2020-03-21 11:27:21 INFO     connecting to Carla server...
2020-03-21 11:27:23 INFO     Carla server connected!
2020-03-21 11:31:54 INFO     Env running in port 2003
2020-03-21 11:31:54 INFO     connecting to Carla server...
2020-03-21 11:31:57 INFO     Carla server connected!
2020-03-21 11:40:07 INFO     Env running in port 2003
2020-03-21 11:40:07 INFO     connecting to Carla server...
2020-03-21 11:44:44 INFO     Env running in port 2003
2020-03-21 11:44:44 INFO     connecting to Carla server...
2020-03-21 12:20:55 INFO     Env running in port 2003
2020-03-21 12:20:55 INFO     connecting to Carla server...
2020-03-21 12:25:28 INFO     Env running in port 2003
2020-03-21 12:25:28 INFO     connecting to Carla server...
2020-03-21 12:25:30 INFO     Carla server connected!
2020-03-21 12:25:30 INFO     Ego car spawn Success!
2020-03-21 12:26:15 INFO     Ego car spawn Success!
2020-03-21 12:27:01 INFO     Ego car spawn Success!
2020-03-21 12:27:46 INFO     Ego car spawn Success!
2020-03-21 12:28:32 INFO     Ego car spawn Success!
2020-03-21 12:29:18 INFO     Ego car spawn Success!
2020-03-21 12:30:03 INFO     Ego car spawn Success!
2020-03-21 12:30:48 INFO     Ego car spawn Success!
2020-03-21 12:31:33 INFO     Ego car spawn Success!
2020-03-21 12:32:18 INFO     Ego car spawn Success!
2020-03-21 13:32:01 INFO     Ego car spawn Success!
2020-03-21 13:32:47 INFO     Ego car spawn Success!
2020-03-21 13:33:32 INFO     Ego car spawn Success!
2020-03-21 13:34:17 INFO     Ego car spawn Success!
2020-03-21 13:35:02 INFO     Ego car spawn Success!
2020-03-21 13:35:47 INFO     Ego car spawn Success!
2020-03-21 13:36:33 INFO     Ego car spawn Success!
2020-03-21 13:37:18 INFO     Ego car spawn Success!
2020-03-21 13:38:04 INFO     Ego car spawn Success!
2020-03-21 13:38:50 INFO     Ego car spawn Success!
2020-03-21 14:38:03 INFO     Ego car spawn Success!
2020-03-21 14:38:49 INFO     Ego car spawn Success!
2020-03-21 14:39:35 INFO     Ego car spawn Success!
2020-03-21 14:40:20 INFO     Ego car spawn Success!
2020-03-21 14:41:06 INFO     Ego car spawn Success!
2020-03-21 14:41:51 INFO     Ego car spawn Success!
2020-03-21 14:42:37 INFO     Ego car spawn Success!
2020-03-21 14:43:22 INFO     Ego car spawn Success!
2020-03-21 14:44:08 INFO     Ego car spawn Success!
2020-03-21 14:44:54 INFO     Ego car spawn Success!
2020-03-21 15:45:56 INFO     Ego car spawn Success!
2020-03-21 15:46:41 INFO     Ego car spawn Success!
2020-03-21 15:47:26 INFO     Ego car spawn Success!
2020-03-21 15:48:12 INFO     Ego car spawn Success!
2020-03-21 15:48:57 INFO     Ego car spawn Success!
2020-03-21 15:49:43 INFO     Ego car spawn Success!
2020-03-21 15:50:29 INFO     Ego car spawn Success!
2020-03-21 15:51:14 INFO     Ego car spawn Success!
2020-03-21 15:51:59 INFO     Ego car spawn Success!
2020-03-21 15:52:44 INFO     Ego car spawn Success!
2020-03-21 18:08:22 INFO     Env running in port 2003
2020-03-21 18:08:22 INFO     Env running in port 2003
2020-03-21 18:08:22 INFO     connecting to Carla server...
2020-03-21 18:08:22 INFO     connecting to Carla server...
2020-03-21 18:08:25 INFO     Carla server connected!
2020-03-21 18:08:25 INFO     Carla server connected!
2020-03-21 18:09:09 INFO     Env running in port 2003
2020-03-21 18:09:09 INFO     connecting to Carla server...
2020-03-21 18:09:11 INFO     Carla server connected!
2020-03-21 18:09:11 INFO     Ego car spawn Success!
2020-03-21 18:09:43 INFO     lane invasion happened! Episode Done.
2020-03-21 18:09:44 INFO     Ego car spawn Success!
2020-03-21 18:13:50 INFO     Env running in port 2003
2020-03-21 18:13:50 INFO     connecting to Carla server...
2020-03-21 18:13:53 INFO     Carla server connected!
2020-03-21 18:13:53 INFO     Ego car spawn Success!
2020-03-21 18:14:06 INFO     lane invasion happened! Episode Done.
2020-03-21 18:14:06 INFO     Ego car spawn Success!
2020-03-21 18:14:26 INFO     lane invasion happened! Episode Done.
2020-03-21 18:14:26 INFO     Ego car spawn Success!
2020-03-21 18:14:36 INFO     lane invasion happened! Episode Done.
2020-03-21 18:14:37 INFO     Ego car spawn Success!
2020-03-21 18:15:05 INFO     lane invasion happened! Episode Done.
2020-03-21 18:15:05 INFO     Ego car spawn Success!
2020-03-21 18:16:49 INFO     lane invasion happened! Episode Done.
2020-03-21 18:16:49 INFO     Ego car spawn Success!
2020-03-21 18:17:46 INFO     lane invasion happened! Episode Done.
2020-03-21 18:17:47 INFO     Ego car spawn Success!
2020-03-21 18:24:05 INFO     Env running in port 2003
2020-03-21 18:24:05 INFO     connecting to Carla server...
2020-03-21 18:24:08 INFO     Carla server connected!
2020-03-21 18:24:08 INFO     Ego car spawn Success!
2020-03-21 18:24:10 INFO     lane invasion happened! Episode Done.
2020-03-21 18:24:11 INFO     Ego car spawn Success!
2020-03-21 18:24:20 INFO     lane invasion happened! Episode Done.
2020-03-21 18:24:20 INFO     Ego car spawn Success!
2020-03-21 18:24:28 INFO     lane invasion happened! Episode Done.
2020-03-21 18:24:28 INFO     Ego car spawn Success!
2020-03-21 18:24:32 INFO     lane invasion happened! Episode Done.
2020-03-21 18:24:32 INFO     Ego car spawn Success!
2020-03-21 18:24:41 INFO     lane invasion happened! Episode Done.
2020-03-21 18:24:41 INFO     Ego car spawn Success!
2020-03-21 18:24:53 INFO     lane invasion happened! Episode Done.
2020-03-21 18:24:53 INFO     Ego car spawn Success!
2020-03-21 18:24:58 INFO     lane invasion happened! Episode Done.
2020-03-21 18:24:58 INFO     Ego car spawn Success!
2020-03-21 18:25:06 INFO     lane invasion happened! Episode Done.
2020-03-21 18:25:06 INFO     Ego car spawn Success!
2020-03-21 18:25:16 INFO     lane invasion happened! Episode Done.
2020-03-21 18:25:16 INFO     Ego car spawn Success!
2020-03-21 18:25:22 INFO     lane invasion happened! Episode Done.
2020-03-21 18:25:22 INFO     Ego car spawn Success!
2020-03-21 18:25:25 INFO     lane invasion happened! Episode Done.
2020-03-21 18:25:25 INFO     Ego car spawn Success!
2020-03-21 18:25:31 INFO     lane invasion happened! Episode Done.
2020-03-21 18:25:31 INFO     Ego car spawn Success!
2020-03-21 18:25:35 INFO     lane invasion happened! Episode Done.
2020-03-21 18:25:35 INFO     Ego car spawn Success!
2020-03-21 18:25:43 INFO     lane invasion happened! Episode Done.
2020-03-21 18:25:43 INFO     Ego car spawn Success!
2020-03-21 18:25:48 INFO     lane invasion happened! Episode Done.
2020-03-21 18:25:48 INFO     Ego car spawn Success!
2020-03-21 18:27:53 INFO     lane invasion happened! Episode Done.
2020-03-21 18:27:53 INFO     Ego car spawn Success!
2020-03-21 18:33:23 INFO     Env running in port 2003
2020-03-21 18:33:23 INFO     connecting to Carla server...
2020-03-21 18:33:25 INFO     Carla server connected!
2020-03-21 18:33:26 INFO     Ego car spawn Success!
2020-03-21 18:34:05 INFO     lane invasion happened! Episode Done.
2020-03-21 18:34:06 INFO     Ego car spawn Success!
2020-03-21 18:34:55 INFO     Ego car spawn Success!
2020-03-21 18:44:57 INFO     Env running in port 2003
2020-03-21 18:44:57 INFO     connecting to Carla server...
2020-03-21 18:45:00 INFO     Carla server connected!
2020-03-21 18:45:00 INFO     Ego car spawn Success!
2020-03-21 18:45:14 INFO     lane invasion happened! Episode Done.
2020-03-21 18:45:14 INFO     Ego car spawn Success!
2020-03-21 18:45:18 INFO     lane invasion happened! Episode Done.
2020-03-21 18:45:18 INFO     Ego car spawn Success!
2020-03-21 18:45:33 INFO     lane invasion happened! Episode Done.
2020-03-21 18:45:33 INFO     Ego car spawn Success!
2020-03-21 18:45:43 INFO     lane invasion happened! Episode Done.
2020-03-21 18:45:43 INFO     Ego car spawn Success!
2020-03-21 18:45:59 INFO     lane invasion happened! Episode Done.
2020-03-21 18:45:59 INFO     Ego car spawn Success!
2020-03-21 18:46:09 INFO     lane invasion happened! Episode Done.
2020-03-21 18:46:09 INFO     Ego car spawn Success!
2020-03-21 18:46:18 INFO     lane invasion happened! Episode Done.
2020-03-21 18:46:18 INFO     Ego car spawn Success!
2020-03-21 18:46:27 INFO     lane invasion happened! Episode Done.
2020-03-21 18:46:27 INFO     Ego car spawn Success!
2020-03-21 18:46:42 INFO     lane invasion happened! Episode Done.
2020-03-21 18:46:42 INFO     Ego car spawn Success!
2020-03-21 18:46:50 INFO     lane invasion happened! Episode Done.
2020-03-21 18:46:50 INFO     Ego car spawn Success!
2020-03-21 18:51:12 INFO     Env running in port 2003
2020-03-21 18:51:12 INFO     connecting to Carla server...
2020-03-21 18:51:15 INFO     Carla server connected!
2020-03-21 18:51:15 INFO     Ego car spawn Success!
2020-03-21 18:52:03 INFO     Ego car spawn Success!
2020-03-21 18:52:53 INFO     Ego car spawn Success!
2020-03-21 18:56:20 INFO     Ego car spawn Success!
2020-03-21 18:59:52 INFO     Ego car spawn Success!
2020-03-21 19:01:10 INFO     lane invasion happened! Episode Done.
2020-03-21 19:01:10 INFO     Ego car spawn Success!
2020-03-21 19:04:37 INFO     Ego car spawn Success!
2020-03-21 19:05:49 INFO     lane invasion happened! Episode Done.
2020-03-21 19:05:49 INFO     Ego car spawn Success!
2020-03-21 19:09:19 INFO     Ego car spawn Success!
2020-03-21 19:10:46 INFO     lane invasion happened! Episode Done.
2020-03-21 19:10:46 INFO     Ego car spawn Success!
2020-03-21 19:14:18 INFO     Ego car spawn Success!
2020-03-21 19:16:09 INFO     lane invasion happened! Episode Done.
2020-03-21 19:16:09 INFO     Ego car spawn Success!
2020-03-21 19:16:40 INFO     lane invasion happened! Episode Done.
2020-03-21 19:16:40 INFO     Ego car spawn Success!
2020-03-21 19:19:01 INFO     lane invasion happened! Episode Done.
2020-03-21 19:19:02 INFO     Ego car spawn Success!
2020-03-21 19:22:36 INFO     Ego car spawn Success!
2020-03-21 19:26:10 INFO     Ego car spawn Success!
2020-03-21 19:29:38 INFO     Ego car spawn Success!
2020-03-21 19:32:14 INFO     lane invasion happened! Episode Done.
2020-03-21 19:32:14 INFO     Ego car spawn Success!
2020-03-21 19:35:44 INFO     Ego car spawn Success!
2020-03-21 19:39:14 INFO     Ego car spawn Success!
2020-03-21 19:41:13 INFO     lane invasion happened! Episode Done.
2020-03-21 19:41:13 INFO     Ego car spawn Success!
2020-03-21 19:44:47 INFO     Ego car spawn Success!
2020-03-21 19:48:14 INFO     Ego car spawn Success!
2020-03-21 19:51:49 INFO     Ego car spawn Success!
2020-03-21 19:55:26 INFO     Ego car spawn Success!
2020-03-21 19:56:30 INFO     lane invasion happened! Episode Done.
2020-03-21 19:56:30 INFO     Ego car spawn Success!
2020-03-21 20:00:03 INFO     Ego car spawn Success!
2020-03-21 20:01:26 INFO     lane invasion happened! Episode Done.
2020-03-21 20:01:27 INFO     Ego car spawn Success!
2020-03-21 20:04:57 INFO     Ego car spawn Success!
2020-03-21 20:08:36 INFO     Ego car spawn Success!
2020-03-21 20:12:14 INFO     Ego car spawn Success!
2020-03-21 20:14:40 INFO     lane invasion happened! Episode Done.
2020-03-21 20:14:40 INFO     Ego car spawn Success!
2020-03-21 20:18:13 INFO     Ego car spawn Success!
2020-03-21 20:19:30 INFO     lane invasion happened! Episode Done.
2020-03-21 20:19:31 INFO     Ego car spawn Success!
2020-03-21 20:22:58 INFO     Ego car spawn Success!
2020-03-21 20:24:43 INFO     lane invasion happened! Episode Done.
2020-03-21 20:24:43 INFO     Ego car spawn Success!
2020-03-21 20:27:10 INFO     lane invasion happened! Episode Done.
2020-03-21 20:27:10 INFO     Ego car spawn Success!
2020-03-21 20:29:53 INFO     lane invasion happened! Episode Done.
2020-03-21 20:29:54 INFO     Ego car spawn Success!
2020-03-21 20:33:27 INFO     Ego car spawn Success!
2020-03-21 20:36:57 INFO     Ego car spawn Success!
2020-03-21 20:40:28 INFO     Ego car spawn Success!
2020-03-21 20:43:06 INFO     lane invasion happened! Episode Done.
2020-03-21 20:43:06 INFO     Ego car spawn Success!
2020-03-21 20:44:41 INFO     lane invasion happened! Episode Done.
2020-03-21 20:44:41 INFO     Ego car spawn Success!
2020-03-21 20:48:16 INFO     Ego car spawn Success!
2020-03-21 20:51:55 INFO     Ego car spawn Success!
2020-03-21 20:55:41 INFO     Ego car spawn Success!
2020-03-21 20:57:10 INFO     lane invasion happened! Episode Done.
2020-03-21 20:57:10 INFO     Ego car spawn Success!
2020-03-21 21:00:10 INFO     lane invasion happened! Episode Done.
2020-03-21 21:00:10 INFO     Ego car spawn Success!
2020-03-21 21:00:32 INFO     lane invasion happened! Episode Done.
2020-03-21 21:00:32 INFO     Ego car spawn Success!
2020-03-21 21:03:58 INFO     lane invasion happened! Episode Done.
2020-03-21 21:03:59 INFO     Ego car spawn Success!
2020-03-21 21:07:30 INFO     Ego car spawn Success!
2020-03-21 21:08:02 INFO     lane invasion happened! Episode Done.
2020-03-21 21:08:02 INFO     Ego car spawn Success!
2020-03-21 21:11:52 INFO     Ego car spawn Success!
2020-03-21 21:13:20 INFO     lane invasion happened! Episode Done.
2020-03-21 21:13:20 INFO     Ego car spawn Success!
2020-03-21 21:22:00 INFO     Ego car spawn Success!
2020-03-21 21:46:14 INFO     Ego car spawn Success!
